# JRE version: Java(TM) SE Runtime Environment (7.0_45-b18) (build 1.7.0_45-b18)
# Java VM: Java HotSpot(TM) Client VM (24.45-b08 mixed mode, sharing windows-x86 )
Heap
 def new generation   total 10560K, used 8465K [0x22af0000, 0x23660000, 0x28040000)
  eden space 9408K,  77% used [0x22af0000, 0x232147b8, 0x23420000)
  from space 1152K, 100% used [0x23420000, 0x23540000, 0x23540000)
  to   space 1152K,   0% used [0x23540000, 0x23540000, 0x23660000)
 tenured generation   total 23352K, used 19867K [0x28040000, 0x2970e000, 0x32af0000)
   the space 23352K,  85% used [0x28040000, 0x293a6d70, 0x293a6e00, 0x2970e000)
 compacting perm gen  total 12288K, used 11737K [0x32af0000, 0x336f0000, 0x36af0000)
   the space 12288K,  95% used [0x32af0000, 0x33666518, 0x33666600, 0x336f0000)
    ro space 10240K,  41% used [0x36af0000, 0x36f21a78, 0x36f21c00, 0x374f0000)
    rw space 12288K,  52% used [0x374f0000, 0x37b362c0, 0x37b36400, 0x380f0000)
GC Heap History (10 events):
Event: 6.350 GC heap before
{Heap before GC invocations=38 (full 1):
 def new generation   total 6784K, used 6784K [0x22af0000, 0x23240000, 0x28040000)
  eden space 6080K, 100% used [0x22af0000, 0x230e0000, 0x230e0000)
  from space 704K, 100% used [0x23190000, 0x23240000, 0x23240000)
  to   space 704K,   0% used [0x230e0000, 0x230e0000, 0x23190000)
 tenured generation   total 14952K, used 10036K [0x28040000, 0x28eda000, 0x32af0000)
   the space 14952K,  67% used [0x28040000, 0x28a0d2d0, 0x28a0d400, 0x28eda000)
 compacting perm gen  total 12288K, used 11737K [0x32af0000, 0x336f0000, 0x36af0000)
   the space 12288K,  95% used [0x32af0000, 0x33666418, 0x33666600, 0x336f0000)
    ro space 10240K,  41% used [0x36af0000, 0x36f21a78, 0x36f21c00, 0x374f0000)
    rw space 12288K,  52% used [0x374f0000, 0x37b362c0, 0x37b36400, 0x380f0000)
Event: 6.369 GC heap after
Heap after GC invocations=39 (full 1):
 def new generation   total 6784K, used 704K [0x22af0000, 0x23240000, 0x28040000)
  eden space 6080K,   0% used [0x22af0000, 0x22af0000, 0x230e0000)
  from space 704K, 100% used [0x230e0000, 0x23190000, 0x23190000)
  to   space 704K,   0% used [0x23190000, 0x23190000, 0x23240000)
 tenured generation   total 14952K, used 12229K [0x28040000, 0x28eda000, 0x32af0000)
   the space 14952K,  81% used [0x28040000, 0x28c31530, 0x28c31600, 0x28eda000)
 compacting perm gen  total 12288K, used 11737K [0x32af0000, 0x336f0000, 0x36af0000)
   the space 12288K,  95% used [0x32af0000, 0x33666418, 0x33666600, 0x336f0000)
    ro space 10240K,  41% used [0x36af0000, 0x36f21a78, 0x36f21c00, 0x374f0000)
    rw space 12288K,  52% used [0x374f0000, 0x37b362c0, 0x37b36400, 0x380f0000)
}
Event: 6.588 GC heap before
{Heap before GC invocations=39 (full 1):
 def new generation   total 6784K, used 6784K [0x22af0000, 0x23240000, 0x28040000)
  eden space 6080K, 100% used [0x22af0000, 0x230e0000, 0x230e0000)
  from space 704K, 100% used [0x230e0000, 0x23190000, 0x23190000)
  to   space 704K,   0% used [0x23190000, 0x23190000, 0x23240000)
 tenured generation   total 14952K, used 12229K [0x28040000, 0x28eda000, 0x32af0000)
   the space 14952K,  81% used [0x28040000, 0x28c31530, 0x28c31600, 0x28eda000)
 compacting perm gen  total 12288K, used 11737K [0x32af0000, 0x336f0000, 0x36af0000)
   the space 12288K,  95% used [0x32af0000, 0x33666418, 0x33666600, 0x336f0000)
    ro space 10240K,  41% used [0x36af0000, 0x36f21a78, 0x36f21c00, 0x374f0000)
    rw space 12288K,  52% used [0x374f0000, 0x37b362c0, 0x37b36400, 0x380f0000)
Event: 6.611 GC heap after
Heap after GC invocations=40 (full 1):
 def new generation   total 6784K, used 704K [0x22af0000, 0x23240000, 0x28040000)
  eden space 6080K,   0% used [0x22af0000, 0x22af0000, 0x230e0000)
  from space 704K, 100% used [0x23190000, 0x23240000, 0x23240000)
  to   space 704K,   0% used [0x230e0000, 0x230e0000, 0x23190000)
 tenured generation   total 14952K, used 14855K [0x28040000, 0x28eda000, 0x32af0000)
   the space 14952K,  99% used [0x28040000, 0x28ec1da8, 0x28ec1e00, 0x28eda000)
 compacting perm gen  total 12288K, used 11737K [0x32af0000, 0x336f0000, 0x36af0000)
   the space 12288K,  95% used [0x32af0000, 0x33666418, 0x33666600, 0x336f0000)
    ro space 10240K,  41% used [0x36af0000, 0x36f21a78, 0x36f21c00, 0x374f0000)
    rw space 12288K,  52% used [0x374f0000, 0x37b362c0, 0x37b36400, 0x380f0000)
}
Event: 6.826 GC heap before
{Heap before GC invocations=40 (full 1):
 def new generation   total 6784K, used 6739K [0x22af0000, 0x23240000, 0x28040000)
  eden space 6080K,  99% used [0x22af0000, 0x230d4cc8, 0x230e0000)
  from space 704K, 100% used [0x23190000, 0x23240000, 0x23240000)
  to   space 704K,   0% used [0x230e0000, 0x230e0000, 0x23190000)
 tenured generation   total 14952K, used 14855K [0x28040000, 0x28eda000, 0x32af0000)
   the space 14952K,  99% used [0x28040000, 0x28ec1da8, 0x28ec1e00, 0x28eda000)
 compacting perm gen  total 12288K, used 11737K [0x32af0000, 0x336f0000, 0x36af0000)
   the space 12288K,  95% used [0x32af0000, 0x33666418, 0x33666600, 0x336f0000)
    ro space 10240K,  41% used [0x36af0000, 0x36f21a78, 0x36f21c00, 0x374f0000)
    rw space 12288K,  52% used [0x374f0000, 0x37b362c0, 0x37b36400, 0x380f0000)
Event: 6.977 GC heap after
Heap after GC invocations=41 (full 2):
 def new generation   total 10560K, used 0K [0x22af0000, 0x23660000, 0x28040000)
  eden space 9408K,   0% used [0x22af0000, 0x22af0000, 0x23420000)
  from space 1152K,   0% used [0x23420000, 0x23420000, 0x23540000)
  to   space 1152K,   0% used [0x23540000, 0x23540000, 0x23660000)
 tenured generation   total 23352K, used 14010K [0x28040000, 0x2970e000, 0x32af0000)
   the space 23352K,  59% used [0x28040000, 0x28deea50, 0x28deec00, 0x2970e000)
 compacting perm gen  total 12288K, used 11737K [0x32af0000, 0x336f0000, 0x36af0000)
   the space 12288K,  95% used [0x32af0000, 0x33666418, 0x33666600, 0x336f0000)
    ro space 10240K,  41% used [0x36af0000, 0x36f21a78, 0x36f21c00, 0x374f0000)
    rw space 12288K,  52% used [0x374f0000, 0x37b362c0, 0x37b36400, 0x380f0000)
}
Event: 7.284 GC heap before
{Heap before GC invocations=41 (full 2):
 def new generation   total 10560K, used 9408K [0x22af0000, 0x23660000, 0x28040000)
  eden space 9408K, 100% used [0x22af0000, 0x23420000, 0x23420000)
  from space 1152K,   0% used [0x23420000, 0x23420000, 0x23540000)
  to   space 1152K,   0% used [0x23540000, 0x23540000, 0x23660000)
 tenured generation   total 23352K, used 14010K [0x28040000, 0x2970e000, 0x32af0000)
   the space 23352K,  59% used [0x28040000, 0x28deea50, 0x28deec00, 0x2970e000)
 compacting perm gen  total 12288K, used 11737K [0x32af0000, 0x336f0000, 0x36af0000)
   the space 12288K,  95% used [0x32af0000, 0x33666418, 0x33666600, 0x336f0000)
    ro space 10240K,  41% used [0x36af0000, 0x36f21a78, 0x36f21c00, 0x374f0000)
    rw space 12288K,  52% used [0x374f0000, 0x37b362c0, 0x37b36400, 0x380f0000)
Event: 7.310 GC heap after
Heap after GC invocations=42 (full 2):
 def new generation   total 10560K, used 1152K [0x22af0000, 0x23660000, 0x28040000)
  eden space 9408K,   0% used [0x22af0000, 0x22af0000, 0x23420000)
  from space 1152K, 100% used [0x23540000, 0x23660000, 0x23660000)
  to   space 1152K,   0% used [0x23420000, 0x23420000, 0x23540000)
 tenured generation   total 23352K, used 16578K [0x28040000, 0x2970e000, 0x32af0000)
   the space 23352K,  70% used [0x28040000, 0x29070978, 0x29070a00, 0x2970e000)
 compacting perm gen  total 12288K, used 11737K [0x32af0000, 0x336f0000, 0x36af0000)
   the space 12288K,  95% used [0x32af0000, 0x33666418, 0x33666600, 0x336f0000)
    ro space 10240K,  41% used [0x36af0000, 0x36f21a78, 0x36f21c00, 0x374f0000)
    rw space 12288K,  52% used [0x374f0000, 0x37b362c0, 0x37b36400, 0x380f0000)
}
Event: 7.615 GC heap before
{Heap before GC invocations=42 (full 2):
 def new generation   total 10560K, used 10560K [0x22af0000, 0x23660000, 0x28040000)
  eden space 9408K, 100% used [0x22af0000, 0x23420000, 0x23420000)
  from space 1152K, 100% used [0x23540000, 0x23660000, 0x23660000)
  to   space 1152K,   0% used [0x23420000, 0x23420000, 0x23540000)
 tenured generation   total 23352K, used 16578K [0x28040000, 0x2970e000, 0x32af0000)
   the space 23352K,  70% used [0x28040000, 0x29070978, 0x29070a00, 0x2970e000)
 compacting perm gen  total 12288K, used 11737K [0x32af0000, 0x336f0000, 0x36af0000)
   the space 12288K,  95% used [0x32af0000, 0x33666428, 0x33666600, 0x336f0000)
    ro space 10240K,  41% used [0x36af0000, 0x36f21a78, 0x36f21c00, 0x374f0000)
    rw space 12288K,  52% used [0x374f0000, 0x37b362c0, 0x37b36400, 0x380f0000)
Event: 7.642 GC heap after
Heap after GC invocations=43 (full 2):
 def new generation   total 10560K, used 1152K [0x22af0000, 0x23660000, 0x28040000)
  eden space 9408K,   0% used [0x22af0000, 0x22af0000, 0x23420000)
  from space 1152K, 100% used [0x23420000, 0x23540000, 0x23540000)
  to   space 1152K,   0% used [0x23540000, 0x23540000, 0x23660000)
 tenured generation   total 23352K, used 19867K [0x28040000, 0x2970e000, 0x32af0000)
   the space 23352K,  85% used [0x28040000, 0x293a6d70, 0x293a6e00, 0x2970e000)
 compacting perm gen  total 12288K, used 11737K [0x32af0000, 0x336f0000, 0x36af0000)
   the space 12288K,  95% used [0x32af0000, 0x33666428, 0x33666600, 0x336f0000)
    ro space 10240K,  41% used [0x36af0000, 0x36f21a78, 0x36f21c00, 0x374f0000)
    rw space 12288K,  52% used [0x374f0000, 0x37b362c0, 0x37b36400, 0x380f0000)
}

