# JRE version: Java(TM) SE Runtime Environment (7.0_45-b18) (build 1.7.0_45-b18)
# Java VM: Java HotSpot(TM) Client VM (24.45-b08 mixed mode windows-x86 )
Heap
 def new generation   total 10304K, used 1571K [0x02ae0000, 0x03600000, 0x08030000)
  eden space 9216K,  17% used [0x02ae0000, 0x02c68f60, 0x033e0000)
  from space 1088K,   0% used [0x033e0000, 0x033e0000, 0x034f0000)
  to   space 1088K,   0% used [0x034f0000, 0x034f0000, 0x03600000)
 tenured generation   total 22664K, used 13597K [0x08030000, 0x09652000, 0x12ae0000)
   the space 22664K,  59% used [0x08030000, 0x08d777f0, 0x08d77800, 0x09652000)
 compacting perm gen  total 14848K, used 14703K [0x12ae0000, 0x13960000, 0x16ae0000)
   the space 14848K,  99% used [0x12ae0000, 0x1393bf80, 0x1393c000, 0x13960000)
GC Heap History (10 events):
Event: 24.109 GC heap before
{Heap before GC invocations=36 (full 0):
 def new generation   total 4928K, used 4928K [0x02ae0000, 0x03030000, 0x08030000)
  eden space 4416K, 100% used [0x02ae0000, 0x02f30000, 0x02f30000)
  from space 512K, 100% used [0x02f30000, 0x02fb0000, 0x02fb0000)
  to   space 512K,   0% used [0x02fb0000, 0x02fb0000, 0x03030000)
 tenured generation   total 10944K, used 10308K [0x08030000, 0x08ae0000, 0x12ae0000)
   the space 10944K,  94% used [0x08030000, 0x08a413d8, 0x08a41400, 0x08ae0000)
 compacting perm gen  total 14336K, used 14217K [0x12ae0000, 0x138e0000, 0x16ae0000)
   the space 14336K,  99% used [0x12ae0000, 0x138c26e0, 0x138c2800, 0x138e0000)
No shared spaces configured.
Event: 24.208 GC heap after
Heap after GC invocations=37 (full 1):
 def new generation   total 6848K, used 0K [0x02ae0000, 0x03240000, 0x08030000)
  eden space 6144K,   0% used [0x02ae0000, 0x02ae0000, 0x030e0000)
  from space 704K,   0% used [0x030e0000, 0x030e0000, 0x03190000)
  to   space 704K,   0% used [0x03190000, 0x03190000, 0x03240000)
 tenured generation   total 15064K, used 9037K [0x08030000, 0x08ee6000, 0x12ae0000)
   the space 15064K,  59% used [0x08030000, 0x08903658, 0x08903800, 0x08ee6000)
 compacting perm gen  total 14336K, used 14217K [0x12ae0000, 0x138e0000, 0x16ae0000)
   the space 14336K,  99% used [0x12ae0000, 0x138c26e0, 0x138c2800, 0x138e0000)
No shared spaces configured.
}
Event: 74.889 GC heap before
{Heap before GC invocations=37 (full 1):
 def new generation   total 6848K, used 6144K [0x02ae0000, 0x03240000, 0x08030000)
  eden space 6144K, 100% used [0x02ae0000, 0x030e0000, 0x030e0000)
  from space 704K,   0% used [0x030e0000, 0x030e0000, 0x03190000)
  to   space 704K,   0% used [0x03190000, 0x03190000, 0x03240000)
 tenured generation   total 15064K, used 9037K [0x08030000, 0x08ee6000, 0x12ae0000)
   the space 15064K,  59% used [0x08030000, 0x08903658, 0x08903800, 0x08ee6000)
 compacting perm gen  total 14848K, used 14703K [0x12ae0000, 0x13960000, 0x16ae0000)
   the space 14848K,  99% used [0x12ae0000, 0x1393bf30, 0x1393c000, 0x13960000)
No shared spaces configured.
Event: 74.902 GC heap after
Heap after GC invocations=38 (full 1):
 def new generation   total 6848K, used 704K [0x02ae0000, 0x03240000, 0x08030000)
  eden space 6144K,   0% used [0x02ae0000, 0x02ae0000, 0x030e0000)
  from space 704K, 100% used [0x03190000, 0x03240000, 0x03240000)
  to   space 704K,   0% used [0x030e0000, 0x030e0000, 0x03190000)
 tenured generation   total 15064K, used 10137K [0x08030000, 0x08ee6000, 0x12ae0000)
   the space 15064K,  67% used [0x08030000, 0x08a166a0, 0x08a16800, 0x08ee6000)
 compacting perm gen  total 14848K, used 14703K [0x12ae0000, 0x13960000, 0x16ae0000)
   the space 14848K,  99% used [0x12ae0000, 0x1393bf30, 0x1393c000, 0x13960000)
No shared spaces configured.
}
Event: 75.209 GC heap before
{Heap before GC invocations=38 (full 1):
 def new generation   total 6848K, used 6848K [0x02ae0000, 0x03240000, 0x08030000)
  eden space 6144K, 100% used [0x02ae0000, 0x030e0000, 0x030e0000)
  from space 704K, 100% used [0x03190000, 0x03240000, 0x03240000)
  to   space 704K,   0% used [0x030e0000, 0x030e0000, 0x03190000)
 tenured generation   total 15064K, used 10137K [0x08030000, 0x08ee6000, 0x12ae0000)
   the space 15064K,  67% used [0x08030000, 0x08a166a0, 0x08a16800, 0x08ee6000)
 compacting perm gen  total 14848K, used 14703K [0x12ae0000, 0x13960000, 0x16ae0000)
   the space 14848K,  99% used [0x12ae0000, 0x1393bf40, 0x1393c000, 0x13960000)
No shared spaces configured.
Event: 75.229 GC heap after
Heap after GC invocations=39 (full 1):
 def new generation   total 6848K, used 704K [0x02ae0000, 0x03240000, 0x08030000)
  eden space 6144K,   0% used [0x02ae0000, 0x02ae0000, 0x030e0000)
  from space 704K, 100% used [0x030e0000, 0x03190000, 0x03190000)
  to   space 704K,   0% used [0x03190000, 0x03190000, 0x03240000)
 tenured generation   total 15064K, used 12374K [0x08030000, 0x08ee6000, 0x12ae0000)
   the space 15064K,  82% used [0x08030000, 0x08c45a38, 0x08c45c00, 0x08ee6000)
 compacting perm gen  total 14848K, used 14703K [0x12ae0000, 0x13960000, 0x16ae0000)
   the space 14848K,  99% used [0x12ae0000, 0x1393bf40, 0x1393c000, 0x13960000)
No shared spaces configured.
}
Event: 75.574 GC heap before
{Heap before GC invocations=39 (full 1):
 def new generation   total 6848K, used 6848K [0x02ae0000, 0x03240000, 0x08030000)
  eden space 6144K, 100% used [0x02ae0000, 0x030e0000, 0x030e0000)
  from space 704K, 100% used [0x030e0000, 0x03190000, 0x03190000)
  to   space 704K,   0% used [0x03190000, 0x03190000, 0x03240000)
 tenured generation   total 15064K, used 12374K [0x08030000, 0x08ee6000, 0x12ae0000)
   the space 15064K,  82% used [0x08030000, 0x08c45a38, 0x08c45c00, 0x08ee6000)
 compacting perm gen  total 14848K, used 14703K [0x12ae0000, 0x13960000, 0x16ae0000)
   the space 14848K,  99% used [0x12ae0000, 0x1393bf40, 0x1393c000, 0x13960000)
No shared spaces configured.
Event: 75.596 GC heap after
Heap after GC invocations=40 (full 1):
 def new generation   total 6848K, used 704K [0x02ae0000, 0x03240000, 0x08030000)
  eden space 6144K,   0% used [0x02ae0000, 0x02ae0000, 0x030e0000)
  from space 704K, 100% used [0x03190000, 0x03240000, 0x03240000)
  to   space 704K,   0% used [0x030e0000, 0x030e0000, 0x03190000)
 tenured generation   total 15064K, used 15013K [0x08030000, 0x08ee6000, 0x12ae0000)
   the space 15064K,  99% used [0x08030000, 0x08ed96b0, 0x08ed9800, 0x08ee6000)
 compacting perm gen  total 14848K, used 14703K [0x12ae0000, 0x13960000, 0x16ae0000)
   the space 14848K,  99% used [0x12ae0000, 0x1393bf40, 0x1393c000, 0x13960000)
No shared spaces configured.
}
Event: 75.900 GC heap before
{Heap before GC invocations=40 (full 1):
 def new generation   total 6848K, used 6567K [0x02ae0000, 0x03240000, 0x08030000)
  eden space 6144K,  95% used [0x02ae0000, 0x03099e70, 0x030e0000)
  from space 704K, 100% used [0x03190000, 0x03240000, 0x03240000)
  to   space 704K,   0% used [0x030e0000, 0x030e0000, 0x03190000)
 tenured generation   total 15064K, used 15013K [0x08030000, 0x08ee6000, 0x12ae0000)
   the space 15064K,  99% used [0x08030000, 0x08ed96b0, 0x08ed9800, 0x08ee6000)
 compacting perm gen  total 14848K, used 14703K [0x12ae0000, 0x13960000, 0x16ae0000)
   the space 14848K,  99% used [0x12ae0000, 0x1393bf50, 0x1393c000, 0x13960000)
No shared spaces configured.
Event: 76.043 GC heap after
Heap after GC invocations=41 (full 2):
 def new generation   total 10304K, used 0K [0x02ae0000, 0x03600000, 0x08030000)
  eden space 9216K,   0% used [0x02ae0000, 0x02ae0000, 0x033e0000)
  from space 1088K,   0% used [0x033e0000, 0x033e0000, 0x034f0000)
  to   space 1088K,   0% used [0x034f0000, 0x034f0000, 0x03600000)
 tenured generation   total 22664K, used 13597K [0x08030000, 0x09652000, 0x12ae0000)
   the space 22664K,  59% used [0x08030000, 0x08d777f0, 0x08d77800, 0x09652000)
 compacting perm gen  total 14848K, used 14703K [0x12ae0000, 0x13960000, 0x16ae0000)
   the space 14848K,  99% used [0x12ae0000, 0x1393bf50, 0x1393c000, 0x13960000)
No shared spaces configured.
}

